[debug] [2022-09-13T16:59:48.161Z] ----------------------------------------------------------------------
[debug] [2022-09-13T16:59:48.163Z] Command:       /usr/local/bin/node /usr/local/bin/firebase deploy --only functions
[debug] [2022-09-13T16:59:48.163Z] CLI Version:   11.8.0
[debug] [2022-09-13T16:59:48.163Z] Platform:      darwin
[debug] [2022-09-13T16:59:48.163Z] Node Version:  v16.15.0
[debug] [2022-09-13T16:59:48.165Z] Time:          Tue Sep 13 2022 12:59:48 GMT-0400 (Eastern Daylight Time)
[debug] [2022-09-13T16:59:48.165Z] ----------------------------------------------------------------------
[debug] 
[debug] [2022-09-13T16:59:48.211Z] Field ".emulators.firestore.port" in "firebase.json" is possibly invalid: should be number
[debug] [2022-09-13T16:59:48.215Z] > command requires scopes: ["email","openid","https://www.googleapis.com/auth/cloudplatformprojects.readonly","https://www.googleapis.com/auth/firebase","https://www.googleapis.com/auth/cloud-platform"]
[debug] [2022-09-13T16:59:48.215Z] > authorizing via signed-in user (sheldon.street@gmail.com)
[debug] [2022-09-13T16:59:48.216Z] [iam] checking project otw-scoring for permissions ["cloudfunctions.functions.create","cloudfunctions.functions.delete","cloudfunctions.functions.get","cloudfunctions.functions.list","cloudfunctions.functions.update","cloudfunctions.operations.get","firebase.projects.get"]
[debug] [2022-09-13T16:59:48.218Z] >>> [apiv2][query] POST https://cloudresourcemanager.googleapis.com/v1/projects/otw-scoring:testIamPermissions [none]
[debug] [2022-09-13T16:59:48.218Z] >>> [apiv2][(partial)header] POST https://cloudresourcemanager.googleapis.com/v1/projects/otw-scoring:testIamPermissions x-goog-quota-user=projects/otw-scoring
[debug] [2022-09-13T16:59:48.218Z] >>> [apiv2][body] POST https://cloudresourcemanager.googleapis.com/v1/projects/otw-scoring:testIamPermissions {"permissions":["cloudfunctions.functions.create","cloudfunctions.functions.delete","cloudfunctions.functions.get","cloudfunctions.functions.list","cloudfunctions.functions.update","cloudfunctions.operations.get","firebase.projects.get"]}
[debug] [2022-09-13T16:59:48.630Z] <<< [apiv2][status] POST https://cloudresourcemanager.googleapis.com/v1/projects/otw-scoring:testIamPermissions 200
[debug] [2022-09-13T16:59:48.631Z] <<< [apiv2][body] POST https://cloudresourcemanager.googleapis.com/v1/projects/otw-scoring:testIamPermissions {"permissions":["cloudfunctions.functions.create","cloudfunctions.functions.delete","cloudfunctions.functions.get","cloudfunctions.functions.list","cloudfunctions.functions.update","cloudfunctions.operations.get","firebase.projects.get"]}
[debug] [2022-09-13T16:59:48.631Z] >>> [apiv2][query] POST https://iam.googleapis.com/v1/projects/otw-scoring/serviceAccounts/otw-scoring@appspot.gserviceaccount.com:testIamPermissions [none]
[debug] [2022-09-13T16:59:48.631Z] >>> [apiv2][body] POST https://iam.googleapis.com/v1/projects/otw-scoring/serviceAccounts/otw-scoring@appspot.gserviceaccount.com:testIamPermissions {"permissions":["iam.serviceAccounts.actAs"]}
[debug] [2022-09-13T16:59:48.875Z] <<< [apiv2][status] POST https://iam.googleapis.com/v1/projects/otw-scoring/serviceAccounts/otw-scoring@appspot.gserviceaccount.com:testIamPermissions 200
[debug] [2022-09-13T16:59:48.875Z] <<< [apiv2][body] POST https://iam.googleapis.com/v1/projects/otw-scoring/serviceAccounts/otw-scoring@appspot.gserviceaccount.com:testIamPermissions {"permissions":["iam.serviceAccounts.actAs"]}
[info] 
[info] === Deploying to 'otw-scoring'...
[info] 
[info] i  deploying functions 
[debug] [2022-09-13T16:59:48.877Z] >>> [apiv2][query] GET https://firebase.googleapis.com/v1beta1/projects/otw-scoring [none]
[debug] [2022-09-13T16:59:49.169Z] <<< [apiv2][status] GET https://firebase.googleapis.com/v1beta1/projects/otw-scoring 200
[debug] [2022-09-13T16:59:49.170Z] <<< [apiv2][body] GET https://firebase.googleapis.com/v1beta1/projects/otw-scoring {"projectId":"otw-scoring","projectNumber":"96838791893","displayName":"OTW-Scoring","name":"projects/otw-scoring","resources":{"hostingSite":"otw-scoring","storageBucket":"otw-scoring.appspot.com","locationId":"us-central"},"state":"ACTIVE","etag":"1_2c7f67b8-dacb-418e-a14b-1254d7f9e188"}
[info] i  functions: ensuring required API cloudfunctions.googleapis.com is enabled... 
[info] i  functions: ensuring required API cloudbuild.googleapis.com is enabled... 
[info] i  artifactregistry: ensuring required API artifactregistry.googleapis.com is enabled... 
[debug] [2022-09-13T16:59:49.171Z] >>> [apiv2][query] GET https://serviceusage.googleapis.com/v1/projects/otw-scoring/services/cloudfunctions.googleapis.com [none]
[debug] [2022-09-13T16:59:49.173Z] >>> [apiv2][query] GET https://serviceusage.googleapis.com/v1/projects/otw-scoring/services/runtimeconfig.googleapis.com [none]
[debug] [2022-09-13T16:59:49.174Z] >>> [apiv2][query] GET https://serviceusage.googleapis.com/v1/projects/otw-scoring/services/cloudbuild.googleapis.com [none]
[debug] [2022-09-13T16:59:49.175Z] >>> [apiv2][query] GET https://serviceusage.googleapis.com/v1/projects/otw-scoring/services/artifactregistry.googleapis.com [none]
[debug] [2022-09-13T16:59:49.488Z] <<< [apiv2][status] GET https://serviceusage.googleapis.com/v1/projects/otw-scoring/services/cloudfunctions.googleapis.com 200
[debug] [2022-09-13T16:59:49.488Z] <<< [apiv2][body] GET https://serviceusage.googleapis.com/v1/projects/otw-scoring/services/cloudfunctions.googleapis.com [omitted]
[info] ✔  functions: required API cloudfunctions.googleapis.com is enabled 
[debug] [2022-09-13T16:59:49.511Z] <<< [apiv2][status] GET https://serviceusage.googleapis.com/v1/projects/otw-scoring/services/runtimeconfig.googleapis.com 200
[debug] [2022-09-13T16:59:49.511Z] <<< [apiv2][body] GET https://serviceusage.googleapis.com/v1/projects/otw-scoring/services/runtimeconfig.googleapis.com [omitted]
[debug] [2022-09-13T16:59:49.517Z] <<< [apiv2][status] GET https://serviceusage.googleapis.com/v1/projects/otw-scoring/services/cloudbuild.googleapis.com 200
[debug] [2022-09-13T16:59:49.517Z] <<< [apiv2][body] GET https://serviceusage.googleapis.com/v1/projects/otw-scoring/services/cloudbuild.googleapis.com [omitted]
[info] ✔  functions: required API cloudbuild.googleapis.com is enabled 
[debug] [2022-09-13T16:59:49.520Z] <<< [apiv2][status] GET https://serviceusage.googleapis.com/v1/projects/otw-scoring/services/artifactregistry.googleapis.com 200
[debug] [2022-09-13T16:59:49.521Z] <<< [apiv2][body] GET https://serviceusage.googleapis.com/v1/projects/otw-scoring/services/artifactregistry.googleapis.com [omitted]
[info] ✔  artifactregistry: required API artifactregistry.googleapis.com is enabled 
[debug] [2022-09-13T16:59:49.521Z] >>> [apiv2][query] GET https://firebase.googleapis.com/v1beta1/projects/otw-scoring/adminSdkConfig [none]
[debug] [2022-09-13T16:59:49.796Z] <<< [apiv2][status] GET https://firebase.googleapis.com/v1beta1/projects/otw-scoring/adminSdkConfig 200
[debug] [2022-09-13T16:59:49.797Z] <<< [apiv2][body] GET https://firebase.googleapis.com/v1beta1/projects/otw-scoring/adminSdkConfig {"projectId":"otw-scoring","storageBucket":"otw-scoring.appspot.com","locationId":"us-central"}
[debug] [2022-09-13T16:59:49.797Z] >>> [apiv2][query] GET https://runtimeconfig.googleapis.com/v1beta1/projects/otw-scoring/configs [none]
[debug] [2022-09-13T16:59:50.003Z] <<< [apiv2][status] GET https://runtimeconfig.googleapis.com/v1beta1/projects/otw-scoring/configs 200
[debug] [2022-09-13T16:59:50.003Z] <<< [apiv2][body] GET https://runtimeconfig.googleapis.com/v1beta1/projects/otw-scoring/configs {}
[info] i  functions: preparing codebase default for deployment 
[debug] [2022-09-13T16:59:50.006Z] Validating nodejs source
[debug] [2022-09-13T16:59:51.160Z] > [functions] package.json contents: {
  "name": "functions",
  "scripts": {
    "lint": "eslint --ext .js,.ts .",
    "build": "tsc -w",
    "serve": "npm run build && firebase emulators:start --only functions",
    "shell": "npm run build && firebase functions:shell",
    "start": "npm run shell",
    "deploy": "firebase deploy --only functions",
    "logs": "firebase functions:log"
  },
  "engines": {
    "node": "16"
  },
  "main": "lib/index.js",
  "dependencies": {
    "firebase-admin": "^9.8.0",
    "firebase-functions": "^3.23.0"
  },
  "devDependencies": {
    "@typescript-eslint/eslint-plugin": "^3.9.1",
    "@typescript-eslint/parser": "^3.8.0",
    "eslint": "^7.6.0",
    "eslint-config-google": "^0.14.0",
    "eslint-plugin-import": "^2.22.0",
    "firebase-functions-test": "^0.2.0",
    "typescript": "^3.8.0"
  },
  "private": true
}
[debug] [2022-09-13T16:59:51.160Z] Building nodejs source
[debug] [2022-09-13T16:59:51.162Z] Could not find functions.yaml. Must use http discovery
[debug] [2022-09-13T16:59:51.298Z] Serving at port 9005

[debug] [2022-09-13T16:59:51.352Z] Got response from /__/functions.yaml {"endpoints":{"removeSubCollection":{"platform":"gcfv1","eventTrigger":{"eventType":"providers/cloud.firestore/eventTypes/document.delete","eventFilters":{"resource":"projects/otw-scoring/databases/(default)/documents/series/{series}"},"retry":false},"labels":{},"entryPoint":"removeSubCollection"}},"specVersion":"v1alpha1","requiredAPIs":[]}
[debug] [2022-09-13T16:59:51.359Z] shutdown requested via /__/quitquitquit

[info] i  functions: preparing functions directory for uploading... 
[info] i  functions: packaged /Users/SmuttySeal/Documents/github/preact-vite/OTW-Scoring/functions (90.18 KB) for uploading 
[debug] [2022-09-13T16:59:51.427Z] >>> [apiv2][query] GET https://cloudfunctions.googleapis.com/v1/projects/otw-scoring/locations/-/functions [none]
[debug] [2022-09-13T16:59:51.976Z] <<< [apiv2][status] GET https://cloudfunctions.googleapis.com/v1/projects/otw-scoring/locations/-/functions 200
[debug] [2022-09-13T16:59:51.976Z] <<< [apiv2][body] GET https://cloudfunctions.googleapis.com/v1/projects/otw-scoring/locations/-/functions {}
[debug] [2022-09-13T16:59:51.976Z] >>> [apiv2][query] GET https://cloudfunctions.googleapis.com/v2alpha/projects/otw-scoring/locations/-/functions [none]
[debug] [2022-09-13T16:59:52.578Z] <<< [apiv2][status] GET https://cloudfunctions.googleapis.com/v2alpha/projects/otw-scoring/locations/-/functions 200
[debug] [2022-09-13T16:59:52.578Z] <<< [apiv2][body] GET https://cloudfunctions.googleapis.com/v2alpha/projects/otw-scoring/locations/-/functions {}
[debug] [2022-09-13T16:59:52.586Z] >>> [apiv2][query] GET https://firebase.googleapis.com/v1beta1/projects/otw-scoring [none]
[debug] [2022-09-13T16:59:52.883Z] <<< [apiv2][status] GET https://firebase.googleapis.com/v1beta1/projects/otw-scoring 200
[debug] [2022-09-13T16:59:52.883Z] <<< [apiv2][body] GET https://firebase.googleapis.com/v1beta1/projects/otw-scoring {"projectId":"otw-scoring","projectNumber":"96838791893","displayName":"OTW-Scoring","name":"projects/otw-scoring","resources":{"hostingSite":"otw-scoring","storageBucket":"otw-scoring.appspot.com","locationId":"us-central"},"state":"ACTIVE","etag":"1_2c7f67b8-dacb-418e-a14b-1254d7f9e188"}
[debug] [2022-09-13T16:59:52.884Z] >>> [apiv2][query] POST https://cloudfunctions.googleapis.com/v1/projects/otw-scoring/locations/us-central1/functions:generateUploadUrl [none]
[debug] [2022-09-13T16:59:52.884Z] >>> [apiv2][body] POST https://cloudfunctions.googleapis.com/v1/projects/otw-scoring/locations/us-central1/functions:generateUploadUrl {}
[debug] [2022-09-13T17:00:06.481Z] <<< [apiv2][status] POST https://cloudfunctions.googleapis.com/v1/projects/otw-scoring/locations/us-central1/functions:generateUploadUrl 200
[debug] [2022-09-13T17:00:06.481Z] <<< [apiv2][body] POST https://cloudfunctions.googleapis.com/v1/projects/otw-scoring/locations/us-central1/functions:generateUploadUrl {"uploadUrl":"https://storage.googleapis.com/uploads-751252729355.us-central1.cloudfunctions.appspot.com/1ca835c1-8364-4580-ada8-982c48559ea1.zip?GoogleAccessId=service-96838791893@gcf-admin-robot.iam.gserviceaccount.com&Expires=1663090206&Signature=gjwKQZ4lK%2Bc00TpVPAuYQDll3GnZW8pY%2FKcu2NoBUUiMZU6zdKX05muzK2LGM5UiqwKOCBpYoe6lTFU8M5%2B8Ezi8bv2AN%2Bxi06ErgNz2ZxoB7p2%2Fz2Y6noib01a0%2F2ms4YxEJD%2FDR3nclkPobv4qLBoQOwy%2F2wC3e0shAOjtdGkFhuzrCon31ZH7DTSpcyDOO%2FUczgHGKO%2F1GbBaj3a5OwkO1pVLdTE%2FBjykpgzM0UXv8egBz5U3B3mt3KvAxGDeOGG1aSogx1wvmjsM765rMWTitEGRebT4VzTmaBPzM5gVrS2o6u8MU2UzZ5fsQQAvbyaOWSjKb7A86wUsOCPz2Q%3D%3D"}
[debug] [2022-09-13T17:00:06.482Z] >>> [apiv2][query] PUT https://storage.googleapis.com/uploads-751252729355.us-central1.cloudfunctions.appspot.com/1ca835c1-8364-4580-ada8-982c48559ea1.zip GoogleAccessId=service-96838791893%40gcf-admin-robot.iam.gserviceaccount.com&Expires=1663090206&Signature=gjwKQZ4lK%2Bc00TpVPAuYQDll3GnZW8pY%2FKcu2NoBUUiMZU6zdKX05muzK2LGM5UiqwKOCBpYoe6lTFU8M5%2B8Ezi8bv2AN%2Bxi06ErgNz2ZxoB7p2%2Fz2Y6noib01a0%2F2ms4YxEJD%2FDR3nclkPobv4qLBoQOwy%2F2wC3e0shAOjtdGkFhuzrCon31ZH7DTSpcyDOO%2FUczgHGKO%2F1GbBaj3a5OwkO1pVLdTE%2FBjykpgzM0UXv8egBz5U3B3mt3KvAxGDeOGG1aSogx1wvmjsM765rMWTitEGRebT4VzTmaBPzM5gVrS2o6u8MU2UzZ5fsQQAvbyaOWSjKb7A86wUsOCPz2Q%3D%3D
[debug] [2022-09-13T17:00:06.483Z] >>> [apiv2][body] PUT https://storage.googleapis.com/uploads-751252729355.us-central1.cloudfunctions.appspot.com/1ca835c1-8364-4580-ada8-982c48559ea1.zip [stream]
[debug] [2022-09-13T17:00:06.889Z] <<< [apiv2][status] PUT https://storage.googleapis.com/uploads-751252729355.us-central1.cloudfunctions.appspot.com/1ca835c1-8364-4580-ada8-982c48559ea1.zip 200
[debug] [2022-09-13T17:00:06.889Z] <<< [apiv2][body] PUT https://storage.googleapis.com/uploads-751252729355.us-central1.cloudfunctions.appspot.com/1ca835c1-8364-4580-ada8-982c48559ea1.zip [omitted]
[info] ✔  functions: functions folder uploaded successfully 
[info] i  functions: creating Node.js 16 function removeSubCollection(us-central1)... 
[debug] [2022-09-13T17:00:06.894Z] >>> [apiv2][query] POST https://cloudfunctions.googleapis.com/v1/projects/otw-scoring/locations/us-central1/functions [none]
[debug] [2022-09-13T17:00:06.895Z] >>> [apiv2][body] POST https://cloudfunctions.googleapis.com/v1/projects/otw-scoring/locations/us-central1/functions {"name":"projects/otw-scoring/locations/us-central1/functions/removeSubCollection","sourceUploadUrl":"https://storage.googleapis.com/uploads-751252729355.us-central1.cloudfunctions.appspot.com/1ca835c1-8364-4580-ada8-982c48559ea1.zip?GoogleAccessId=service-96838791893@gcf-admin-robot.iam.gserviceaccount.com&Expires=1663090206&Signature=gjwKQZ4lK%2Bc00TpVPAuYQDll3GnZW8pY%2FKcu2NoBUUiMZU6zdKX05muzK2LGM5UiqwKOCBpYoe6lTFU8M5%2B8Ezi8bv2AN%2Bxi06ErgNz2ZxoB7p2%2Fz2Y6noib01a0%2F2ms4YxEJD%2FDR3nclkPobv4qLBoQOwy%2F2wC3e0shAOjtdGkFhuzrCon31ZH7DTSpcyDOO%2FUczgHGKO%2F1GbBaj3a5OwkO1pVLdTE%2FBjykpgzM0UXv8egBz5U3B3mt3KvAxGDeOGG1aSogx1wvmjsM765rMWTitEGRebT4VzTmaBPzM5gVrS2o6u8MU2UzZ5fsQQAvbyaOWSjKb7A86wUsOCPz2Q%3D%3D","entryPoint":"removeSubCollection","runtime":"nodejs16","dockerRegistry":"ARTIFACT_REGISTRY","labels":{"deployment-tool":"cli-firebase"},"eventTrigger":{"eventType":"providers/cloud.firestore/eventTypes/document.delete","resource":"projects/otw-scoring/databases/(default)/documents/series/{series}"},"environmentVariables":{"FIREBASE_CONFIG":"{\"projectId\":\"otw-scoring\",\"storageBucket\":\"otw-scoring.appspot.com\",\"locationId\":\"us-central\"}","GCLOUD_PROJECT":"otw-scoring"}}
[debug] [2022-09-13T17:00:07.402Z] <<< [apiv2][status] POST https://cloudfunctions.googleapis.com/v1/projects/otw-scoring/locations/us-central1/functions 403
[debug] [2022-09-13T17:00:07.402Z] <<< [apiv2][body] POST https://cloudfunctions.googleapis.com/v1/projects/otw-scoring/locations/us-central1/functions {"error":{"code":403,"message":"Unable to retrieve the repository metadata for projects/otw-scoring/locations/us-central1/repositories/gcf-artifacts. Ensure that the Cloud Functions service account has 'artifactregistry.repositories.list' and 'artifactregistry.repositories.get' permissions. You can add the permissions by granting the role 'roles/artifactregistry.reader'.","status":"PERMISSION_DENIED"}}
[warn] ⚠  functions: failed to create function projects/otw-scoring/locations/us-central1/functions/removeSubCollection 
[error] Failed to create function projects/otw-scoring/locations/us-central1/functions/removeSubCollection
[debug] [2022-09-13T17:00:07.407Z] Total Function Deployment time: 511
[debug] [2022-09-13T17:00:07.408Z] 1 Functions Deployed
[debug] [2022-09-13T17:00:07.408Z] 1 Functions Errored
[debug] [2022-09-13T17:00:07.408Z] 0 Function Deployments Aborted
[debug] [2022-09-13T17:00:07.408Z] Average Function Deployment time: 510
[info] 
[info] Functions deploy had errors with the following functions:
	removeSubCollection(us-central1)
[info] i  functions: cleaning up build files... 
[debug] [2022-09-13T17:00:07.531Z] >>> [apiv2][query] DELETE https://artifactregistry.googleapis.com/v1beta2/projects/otw-scoring/locations/us-central1/repositories/gcf-artifacts/packages/remove_sub_collection [none]
[debug] [2022-09-13T17:00:07.532Z] >>> [apiv2][query] GET https://us.gcr.io/v2/otw-scoring/gcf/us-central1/tags/list [none]
[debug] [2022-09-13T17:00:07.727Z] <<< [apiv2][status] DELETE https://artifactregistry.googleapis.com/v1beta2/projects/otw-scoring/locations/us-central1/repositories/gcf-artifacts/packages/remove_sub_collection 404
[debug] [2022-09-13T17:00:07.727Z] <<< [apiv2][body] DELETE https://artifactregistry.googleapis.com/v1beta2/projects/otw-scoring/locations/us-central1/repositories/gcf-artifacts/packages/remove_sub_collection {"error":{"code":404,"message":"Package \"projects/otw-scoring/locations/us-central1/repositories/gcf-artifacts/packages/remove_sub_collection\" was not found.","status":"NOT_FOUND"}}
[debug] [2022-09-13T17:00:09.040Z] <<< [apiv2][status] GET https://us.gcr.io/v2/otw-scoring/gcf/us-central1/tags/list 200
[debug] [2022-09-13T17:00:09.040Z] <<< [apiv2][body] GET https://us.gcr.io/v2/otw-scoring/gcf/us-central1/tags/list {"child":[],"manifest":{},"name":"otw-scoring/gcf/us-central1","tags":[]}
[debug] [2022-09-13T17:00:09.041Z] Could not find image for function projects/otw-scoring/locations/us-central1/functions/removeSubCollection
[debug] [2022-09-13T17:00:09.041Z] Functions deploy failed.
[debug] [2022-09-13T17:00:09.041Z] {
  "endpoint": {
    "id": "removeSubCollection",
    "project": "otw-scoring",
    "region": "us-central1",
    "entryPoint": "removeSubCollection",
    "platform": "gcfv1",
    "runtime": "nodejs16",
    "eventTrigger": {
      "eventType": "providers/cloud.firestore/eventTypes/document.delete",
      "retry": false,
      "eventFilters": {
        "resource": "projects/otw-scoring/databases/(default)/documents/series/{series}"
      }
    },
    "labels": {
      "deployment-tool": "cli-firebase"
    },
    "environmentVariables": {
      "FIREBASE_CONFIG": "{\"projectId\":\"otw-scoring\",\"storageBucket\":\"otw-scoring.appspot.com\",\"locationId\":\"us-central\"}",
      "GCLOUD_PROJECT": "otw-scoring"
    },
    "codebase": "default"
  },
  "op": "create",
  "original": {
    "name": "FirebaseError",
    "children": [],
    "context": {
      "function": "projects/otw-scoring/locations/us-central1/functions/removeSubCollection"
    },
    "exit": 1,
    "message": "Failed to create function projects/otw-scoring/locations/us-central1/functions/removeSubCollection",
    "original": {
      "name": "FirebaseError",
      "children": [],
      "context": {
        "body": {
          "error": {
            "code": 403,
            "message": "Unable to retrieve the repository metadata for projects/otw-scoring/locations/us-central1/repositories/gcf-artifacts. Ensure that the Cloud Functions service account has 'artifactregistry.repositories.list' and 'artifactregistry.repositories.get' permissions. You can add the permissions by granting the role 'roles/artifactregistry.reader'.",
            "status": "PERMISSION_DENIED"
          }
        },
        "response": {
          "statusCode": 403
        }
      },
      "exit": 1,
      "message": "HTTP Error: 403, Unable to retrieve the repository metadata for projects/otw-scoring/locations/us-central1/repositories/gcf-artifacts. Ensure that the Cloud Functions service account has 'artifactregistry.repositories.list' and 'artifactregistry.repositories.get' permissions. You can add the permissions by granting the role 'roles/artifactregistry.reader'.",
      "status": 403
    },
    "status": 500
  }
}
[debug] [2022-09-13T17:00:09.144Z] Error: Failed to create function removeSubCollection in region us-central1
    at /usr/local/lib/node_modules/firebase-tools/lib/deploy/functions/release/fabricator.js:42:11
    at processTicksAndRejections (node:internal/process/task_queues:96:5)
    at async Fabricator.createV1Function (/usr/local/lib/node_modules/firebase-tools/lib/deploy/functions/release/fabricator.js:169:32)
    at async Fabricator.createEndpoint (/usr/local/lib/node_modules/firebase-tools/lib/deploy/functions/release/fabricator.js:120:13)
    at async handle (/usr/local/lib/node_modules/firebase-tools/lib/deploy/functions/release/fabricator.js:79:17)
[error] 
[error] Error: There was an error deploying functions
